Vivado Simulator 2019.2
Time resolution is 1 ps
Read number:           1;

First read is bad! Must be:  1710254546; You got:          0; Addres:  0

Second read is good!

Read number:           2;

First read is good!

Second read is good!

Read number:           3;

First read is good!

Second read is good!

Read number:           4;

First read is good!

Second read is good!

Read number:           5;

First read is good!

Second read is good!

Read number:           6;

First read is good!

Second read is good!

Read number:           7;

First read is good!

Second read is good!

Read number:           8;

First read is good!

Second read is good!

Read number:           9;

First read is good!

Second read is good!

Read number:          10;

First read is good!

Second read is good!

Read number:          11;

First read is good!

Second read is good!

Read number:          12;

First read is good!

Second read is good!

Read number:          13;

First read is good!

Second read is good!

Read number:          14;

First read is good!

Second read is good!

Read number:          15;

First read is good!

Second read is good!

Read number:          16;

First read is good!

Second read is good!

